<?xml version="1.0" encoding="UTF-8"?>
<testsuites name="Users" tests="6" time="1.338">
  <testsuite name="Products / Get Acces Token" id="0d419345-4856-4367-ba52-3f29a9056991" timestamp="2026-02-05T16:09:55.094Z" tests="3" failures="0" errors="0" time="0.405">
    <testcase name="Login OK" time="0.405" classname="ProductsGetAccesToken"/>
    <testcase name="Token generated" time="0.405" classname="ProductsGetAccesToken"/>
    <testcase name="Vérifier Schema de réponse" time="0.405" classname="ProductsGetAccesToken"/>
  </testsuite>
  <testsuite name="Products / Create Product" id="d8b9e63a-2471-4ccb-a28d-3e4f8b7e7770" timestamp="2026-02-05T16:09:55.094Z" tests="2" failures="0" errors="0" time="0.122">
    <testcase name="Product created" time="0.122" classname="ProductsCreateProduct"/>
    <testcase name="Vérifier Schema de réponse" time="0.122" classname="ProductsCreateProduct"/>
  </testsuite>
  <testsuite name="Products / Get Product" id="1fc1fe5b-0966-48b0-a25b-ecaa4f04fad8" timestamp="2026-02-05T16:09:55.094Z" tests="2" failures="0" errors="0" time="0.138">
    <testcase name="Afficher un produit" time="0.138" classname="ProductsGetProduct"/>
    <testcase name="Vérifier Schema de réponse" time="0.138" classname="ProductsGetProduct"/>
  </testsuite>
  <testsuite name="Products / Get Products" id="dfdc4dfd-d2cd-4186-949f-abf716cf56f9" timestamp="2026-02-05T16:09:55.094Z" tests="2" failures="0" errors="0" time="0.140">
    <testcase name="Afficher la liste des produits" time="0.140" classname="ProductsGetProducts"/>
    <testcase name="Vérifier Schema de réponse" time="0.140" classname="ProductsGetProducts"/>
  </testsuite>
  <testsuite name="Products / Update Product" id="14fe5960-8c13-455d-8874-bff781a656e6" timestamp="2026-02-05T16:09:55.094Z" tests="2" failures="0" errors="0" time="0.261">
    <testcase name="Modifier produit" time="0.261" classname="ProductsUpdateProduct"/>
    <testcase name="Vérifier Schema de réponse" time="0.261" classname="ProductsUpdateProduct"/>
  </testsuite>
  <testsuite name="Products / Delete Product" id="3a871471-4c8d-41a8-be57-cd87386c411e" timestamp="2026-02-05T16:09:55.094Z" tests="2" failures="0" errors="0" time="0.272">
    <testcase name="Supprimer produit" time="0.272" classname="ProductsDeleteProduct"/>
    <testcase name="Vérifier Schema de réponse" time="0.272" classname="ProductsDeleteProduct"/>
  </testsuite>
</testsuites>