<?xml version="1.0" encoding="UTF-8"?>
<testsuites name="Users" tests="6" time="1.325">
  <testsuite name="Products / Get Acces Token" id="4d38aa37-c4a3-4a8f-95c7-637eca0acf01" timestamp="2026-02-05T13:37:11.727Z" tests="3" failures="0" errors="0" time="0.380">
    <testcase name="Login OK" time="0.380" classname="ProductsGetAccesToken"/>
    <testcase name="Token generated" time="0.380" classname="ProductsGetAccesToken"/>
    <testcase name="Vérifier Schema de réponse" time="0.380" classname="ProductsGetAccesToken"/>
  </testsuite>
  <testsuite name="Products / Create Product" id="0105f2b6-4752-4fb7-b515-60c7f1716167" timestamp="2026-02-05T13:37:11.727Z" tests="2" failures="0" errors="0" time="0.123">
    <testcase name="Product created" time="0.123" classname="ProductsCreateProduct"/>
    <testcase name="Vérifier Schema de réponse" time="0.123" classname="ProductsCreateProduct"/>
  </testsuite>
  <testsuite name="Products / Get Product" id="4a6cb8b7-0c2b-4d16-8705-5f578533330e" timestamp="2026-02-05T13:37:11.727Z" tests="2" failures="0" errors="0" time="0.166">
    <testcase name="Afficher un produit" time="0.166" classname="ProductsGetProduct"/>
    <testcase name="Vérifier Schema de réponse" time="0.166" classname="ProductsGetProduct"/>
  </testsuite>
  <testsuite name="Products / Get Products" id="6d502109-d329-46be-a03c-946b676a0d20" timestamp="2026-02-05T13:37:11.727Z" tests="2" failures="0" errors="0" time="0.091">
    <testcase name="Afficher la liste des produits" time="0.091" classname="ProductsGetProducts"/>
    <testcase name="Vérifier Schema de réponse" time="0.091" classname="ProductsGetProducts"/>
  </testsuite>
  <testsuite name="Products / Update Product" id="bad9408a-fa5a-406d-9d4d-5595ab7110de" timestamp="2026-02-05T13:37:11.727Z" tests="2" failures="0" errors="0" time="0.342">
    <testcase name="Modifier produit" time="0.342" classname="ProductsUpdateProduct"/>
    <testcase name="Vérifier Schema de réponse" time="0.342" classname="ProductsUpdateProduct"/>
  </testsuite>
  <testsuite name="Products / Delete Product" id="29e090c0-c306-4607-b30f-17882f80d925" timestamp="2026-02-05T13:37:11.727Z" tests="2" failures="0" errors="0" time="0.223">
    <testcase name="Supprimer produit" time="0.223" classname="ProductsDeleteProduct"/>
    <testcase name="Vérifier Schema de réponse" time="0.223" classname="ProductsDeleteProduct"/>
  </testsuite>
</testsuites>